0 verbose cli [
0 verbose cli   'C:\\Program Files\\nodejs\\node.exe',
0 verbose cli   'C:\\Users\\my pc\\AppData\\Roaming\\npm\\node_modules\\npm\\bin\\npm-cli.js',
0 verbose cli   'run',
0 verbose cli   'dev'
0 verbose cli ]
1 info using npm@8.4.0
2 info using node@v16.13.1
3 timing npm:load:whichnode Completed in 1ms
4 timing config:load:defaults Completed in 8ms
5 timing config:load:file:C:\Users\my pc\AppData\Roaming\npm\node_modules\npm\npmrc Completed in 7ms
6 timing config:load:builtin Completed in 9ms
7 timing config:load:cli Completed in 7ms
8 timing config:load:env Completed in 4ms
9 timing config:load:file:C:\Users\my pc\Desktop\news_app\.npmrc Completed in 1ms
10 timing config:load:project Completed in 4ms
11 timing config:load:file:C:\Users\my pc\.npmrc Completed in 3ms
12 timing config:load:user Completed in 4ms
13 timing config:load:file:C:\Users\my pc\AppData\Roaming\npm\etc\npmrc Completed in 0ms
14 timing config:load:global Completed in 0ms
15 timing config:load:validate Completed in 1ms
16 timing config:load:credentials Completed in 2ms
17 timing config:load:setEnvs Completed in 1ms
18 timing config:load Completed in 42ms
19 timing npm:load:configload Completed in 43ms
20 timing npm:load:setTitle Completed in 1ms
21 timing config:load:flatten Completed in 9ms
22 timing npm:load:display Completed in 13ms
23 verbose logfile C:\Users\my pc\Desktop\news_app\_logs\2022-02-02T14_17_54_026Z-debug-0.log
24 timing npm:load:logFile Completed in 26ms
25 timing npm:load:timers Completed in 1ms
26 timing npm:load:configScope Completed in 0ms
27 timing npm:load Completed in 87ms
28 silly logfile start cleaning logs, removing 1 files
29 timing command:run Completed in 74210391ms
30 verbose exit 0
31 timing npm Completed in 74222080ms
32 info ok
