0 verbose cli [
0 verbose cli   'C:\\Program Files\\nodejs\\node.exe',
0 verbose cli   'C:\\Users\\my pc\\AppData\\Roaming\\npm\\node_modules\\npm\\bin\\npm-cli.js',
0 verbose cli   'view',
0 verbose cli   '--json',
0 verbose cli   'eslint-config-next',
0 verbose cli   'description',
0 verbose cli   'dist-tags.latest',
0 verbose cli   'homepage',
0 verbose cli   'version'
0 verbose cli ]
1 info using npm@8.4.0
2 info using node@v16.13.1
3 timing npm:load:whichnode Completed in 0ms
4 timing config:load:defaults Completed in 3ms
5 timing config:load:file:C:\Users\my pc\AppData\Roaming\npm\node_modules\npm\npmrc Completed in 4ms
6 timing config:load:builtin Completed in 4ms
7 timing config:load:cli Completed in 5ms
8 timing config:load:env Completed in 1ms
9 timing config:load:file:c:\Users\my pc\Desktop\news_app\news_app\.npmrc Completed in 0ms
10 timing config:load:project Completed in 2ms
11 timing config:load:file:C:\Users\my pc\.npmrc Completed in 1ms
12 timing config:load:user Completed in 2ms
13 timing config:load:file:C:\Users\my pc\AppData\Roaming\npm\etc\npmrc Completed in 0ms
14 timing config:load:global Completed in 0ms
15 timing config:load:validate Completed in 0ms
16 timing config:load:credentials Completed in 1ms
17 timing config:load:setEnvs Completed in 1ms
18 timing config:load Completed in 21ms
19 timing npm:load:configload Completed in 22ms
20 timing npm:load:setTitle Completed in 0ms
21 timing config:load:flatten Completed in 5ms
22 timing npm:load:display Completed in 7ms
23 verbose logfile c:\Users\my pc\Desktop\news_app\news_app\_logs\2022-02-02T10_31_31_015Z-debug-0.log
24 timing npm:load:logFile Completed in 33ms
25 timing npm:load:timers Completed in 0ms
26 timing npm:load:configScope Completed in 0ms
27 timing npm:load Completed in 65ms
28 timing command:view Completed in 91128ms
29 verbose type system
30 verbose stack FetchError: request to https://registry.npmjs.org/eslint-config-next failed, reason: getaddrinfo ENOTFOUND registry.npmjs.org
30 verbose stack     at ClientRequest.<anonymous> (C:\Users\my pc\AppData\Roaming\npm\node_modules\npm\node_modules\minipass-fetch\lib\index.js:110:14)
30 verbose stack     at ClientRequest.emit (node:events:390:28)
30 verbose stack     at TLSSocket.socketErrorListener (node:_http_client:447:9)
30 verbose stack     at TLSSocket.emit (node:events:402:35)
30 verbose stack     at emitErrorNT (node:internal/streams/destroy:157:8)
30 verbose stack     at emitErrorCloseNT (node:internal/streams/destroy:122:3)
30 verbose stack     at processTicksAndRejections (node:internal/process/task_queues:83:21)
31 verbose cwd c:\Users\my pc\Desktop\news_app\news_app
32 verbose Windows_NT 10.0.18363
33 verbose argv "C:\\Program Files\\nodejs\\node.exe" "C:\\Users\\my pc\\AppData\\Roaming\\npm\\node_modules\\npm\\bin\\npm-cli.js" "view" "--json" "eslint-config-next" "description" "dist-tags.latest" "homepage" "version"
34 verbose node v16.13.1
35 verbose npm  v8.4.0
36 error code ENOTFOUND
37 error syscall getaddrinfo
38 error errno ENOTFOUND
39 error network request to https://registry.npmjs.org/eslint-config-next failed, reason: getaddrinfo ENOTFOUND registry.npmjs.org
40 error network This is a problem related to network connectivity.
40 error network In most cases you are behind a proxy or have bad network settings.
40 error network
40 error network If you are behind a proxy, please make sure that the
40 error network 'proxy' config is set properly.  See: 'npm help config'
41 verbose exit 1
42 timing npm Completed in 91597ms
43 verbose code 1
44 error A complete log of this run can be found in:
44 error     c:\Users\my pc\Desktop\news_app\news_app\_logs\2022-02-02T10_31_31_015Z-debug-0.log
